Vivado Simulator 2019.2
Copyright 1986-1999, 2001-2019 Xilinx, Inc. All Rights Reserved.
Running: /home/shivamtyagi/Xilinx/Vivado/2019.2/bin/unwrapped/lnx64.o/xelab -wto 1af7f2079e8c46eca1fde017267ab10f --incr --debug typical --relax --mt 8 -L xil_defaultlib -L unisims_ver -L secureip --snapshot cla_TB_func_impl xil_defaultlib.cla_TB xil_defaultlib.glbl -log elaborate.log 
Using 8 slave threads.
Starting static elaboration
Pass Through NonSizing Optimizer
Completed static elaboration
Starting simulation data flow analysis
Completed simulation data flow analysis
Time Resolution for simulation is 1ps
Compiling module unisims_ver.BUFG
Compiling module unisims_ver.IBUF
Compiling module unisims_ver.OBUF
Compiling module unisims_ver.FDRE_default
Compiling module unisims_ver.x_lut2_mux4
Compiling module unisims_ver.LUT2
Compiling module unisims_ver.CARRY4
Compiling module xil_defaultlib.carry_lookahead_adder__1
Compiling module xil_defaultlib.carry_lookahead_adder__2
Compiling module xil_defaultlib.carry_lookahead_adder__3
Compiling module xil_defaultlib.carry_lookahead_adder__4
Compiling module xil_defaultlib.carry_lookahead_adder__5
Compiling module xil_defaultlib.carry_lookahead_adder__6
Compiling module xil_defaultlib.carry_lookahead_adder__7
Compiling module xil_defaultlib.carry_lookahead_adder
Compiling module xil_defaultlib.CLA_Adder_Top
Compiling module unisims_ver.x_lut3_mux8
Compiling module unisims_ver.LUT3
Compiling module unisims_ver.LUT4
Compiling module unisims_ver.LUT5
Compiling module xil_defaultlib.CLA_Memory_Module__1
Compiling module xil_defaultlib.CLA_Memory_Module
Compiling module xil_defaultlib.input_buffer
Compiling module xil_defaultlib.bsi_mem_output_side
Compiling module unisims_ver.VCC
Compiling module unisims_ver.LUT6
Compiling module unisims_ver.MUXF7
Compiling module xil_defaultlib.output_mem_to_R0
Compiling module xil_defaultlib.output_buffer
Compiling module xil_defaultlib.CLA_Adder_Wrapper_level1
Compiling module xil_defaultlib.CLA_Adder_Wrapper_level2
Compiling module xil_defaultlib.cla_TB
Compiling module xil_defaultlib.glbl
Built simulation snapshot cla_TB_func_impl
